<?xml version="1.0" encoding="UTF-8"?>
<!-- Generated by org.testng.reporters.JUnitXMLReporter -->
<testsuite hostname="MKG-JAGGU" failures="1" tests="3" name="Test" time="117.395" errors="0" timestamp="11 Jun 2020 02:40:07 GMT">
  <testcase classname="cucumberoptions.testrunner" name="feature" time="22.585">
    <failure type="cucumber.runtime.CucumberException" message="java.lang.AssertionError">
      <![CDATA[cucumber.runtime.CucumberException: java.lang.AssertionError
	at cucumber.api.testng.TestNGCucumberRunner.runCucumber(TestNGCucumberRunner.java:69)
	at cucumber.api.testng.AbstractTestNGCucumberTests.feature(AbstractTestNGCucumberTests.java:21)
Caused by: java.lang.AssertionError
	at org.junit.Assert.fail(Assert.java:86)
	at org.junit.Assert.assertTrue(Assert.java:41)
	at org.junit.Assert.assertTrue(Assert.java:52)
	at stepdefinition.stepdefinitions.youraccount_should_have_17_links(stepdefinitions.java:63)
	at âœ½.And Youraccount should have 17 links(HomepageTest.feature:8)
... Removed 24 stack frames]]>
    </failure>
  </testcase> <!-- feature -->
  <testcase classname="cucumberoptions.testrunner" name="feature" time="44.817"/>
  <testcase classname="cucumberoptions.testrunner" name="feature" time="48.863"/>
</testsuite> <!-- Test -->
